2025-06-30 16:41:43 INFO  Utils:112 - [TestNG] Running:
  C:\Users\hdvel\eclipse-workspace\ParaSoftBank\master.xml

2025-06-30 16:41:53 INFO  TC001_VerifyAccountRegistrationTest:15 - ****Started TC001_VerifyAccountRegistrationTest****
2025-06-30 16:41:53 INFO  TC001_VerifyAccountRegistrationTest:22 - Clicked on Register Link
2025-06-30 16:41:55 INFO  TC001_VerifyAccountRegistrationTest:40 - Clicked on Register Button
2025-06-30 16:41:55 INFO  TC001_VerifyAccountRegistrationTest:42 - Validating the Confirmation Message
2025-06-30 16:41:56 INFO  TC001_VerifyAccountRegistrationTest:46 - Test Passed
2025-06-30 16:41:56 INFO  TC001_VerifyAccountRegistrationTest:55 - ***** Finished TC001_AccountRegistrationTest *****
2025-06-30 16:42:01 INFO  TC002_VerifyAccountLoginTest:15 - ****Started TC002_VerifyAccountLogintest****
2025-06-30 16:43:55 INFO  Utils:112 - [TestNG] Running:
  C:\Users\hdvel\eclipse-workspace\ParaSoftBank\master.xml

2025-06-30 16:44:01 INFO  TC002_VerifyAccountLoginTest:15 - ****Started TC002_VerifyAccountLogintest****
2025-06-30 16:46:40 INFO  Utils:112 - [TestNG] Running:
  C:\Users\hdvel\eclipse-workspace\ParaSoftBank\master.xml

2025-06-30 16:46:46 INFO  TC002_VerifyAccountLoginTest:15 - ****Started TC002_VerifyAccountLogintest****
2025-06-30 16:48:42 INFO  Utils:112 - [TestNG] Running:
  C:\Users\hdvel\eclipse-workspace\ParaSoftBank\master.xml

2025-06-30 16:48:47 INFO  TC002_VerifyAccountLoginTest:15 - ****Started TC002_VerifyAccountLogintest****
2025-06-30 16:50:48 INFO  Utils:112 - [TestNG] Running:
  C:\Users\hdvel\eclipse-workspace\ParaSoftBank\master.xml

2025-06-30 16:50:54 INFO  TC002_VerifyAccountLoginTest:15 - ****Started TC002_VerifyAccountLogintest****
2025-06-30 17:52:33 INFO  TC001_VerifyAccountRegistrationTest:15 - ****Started TC001_VerifyAccountRegistrationTest****
2025-06-30 17:52:34 INFO  TC001_VerifyAccountRegistrationTest:22 - Clicked on Register Link
2025-06-30 17:52:37 INFO  TC001_VerifyAccountRegistrationTest:40 - Clicked on Register Button
2025-06-30 17:52:37 INFO  TC001_VerifyAccountRegistrationTest:42 - Validating the Confirmation Message
2025-06-30 17:52:37 INFO  TC001_VerifyAccountRegistrationTest:46 - Test Passed
2025-06-30 17:52:37 INFO  TC001_VerifyAccountRegistrationTest:55 - ***** Finished TC001_AccountRegistrationTest *****
2025-06-30 17:52:42 INFO  TC002_VerifyAccountLoginTest:15 - ****Started TC002_VerifyAccountLogintest****
2025-06-30 17:53:00 INFO  TC003_VerifyAccountLoginDataDrivenTest:16 - ****Started TC003_VerifyAccountLoginDataDrivenTest****
2025-06-30 17:53:12 INFO  TC003_VerifyAccountLoginDataDrivenTest:16 - ****Started TC003_VerifyAccountLoginDataDrivenTest****
2025-06-30 17:53:23 INFO  TC003_VerifyAccountLoginDataDrivenTest:62 - ****Finished TC003_VerifyAccountLoginDataDrivenTest****
2025-06-30 17:53:23 INFO  TC003_VerifyAccountLoginDataDrivenTest:16 - ****Started TC003_VerifyAccountLoginDataDrivenTest****
2025-06-30 17:53:35 INFO  TC003_VerifyAccountLoginDataDrivenTest:62 - ****Finished TC003_VerifyAccountLoginDataDrivenTest****
2025-06-30 17:53:35 INFO  TC003_VerifyAccountLoginDataDrivenTest:16 - ****Started TC003_VerifyAccountLoginDataDrivenTest****
2025-06-30 17:53:46 INFO  TC003_VerifyAccountLoginDataDrivenTest:62 - ****Finished TC003_VerifyAccountLoginDataDrivenTest****
2025-06-30 17:53:46 INFO  TC003_VerifyAccountLoginDataDrivenTest:16 - ****Started TC003_VerifyAccountLoginDataDrivenTest****
2025-06-30 17:55:21 INFO  TC001_VerifyAccountRegistrationTest:15 - ****Started TC001_VerifyAccountRegistrationTest****
2025-06-30 17:55:21 INFO  TC001_VerifyAccountRegistrationTest:22 - Clicked on Register Link
2025-06-30 17:55:23 INFO  TC001_VerifyAccountRegistrationTest:40 - Clicked on Register Button
2025-06-30 17:55:23 INFO  TC001_VerifyAccountRegistrationTest:42 - Validating the Confirmation Message
2025-06-30 17:55:23 INFO  TC001_VerifyAccountRegistrationTest:46 - Test Passed
2025-06-30 17:55:23 INFO  TC001_VerifyAccountRegistrationTest:55 - ***** Finished TC001_AccountRegistrationTest *****
